<?xml version="1.0" encoding="UTF-8"?>
<!-- Generated by org.testng.reporters.JUnitXMLReporter -->
<testsuite hostname="DESKTOP-06OUV9F" ignored="2" name="Verify that valid user able to login into Mercury Tours application by using valid username and password" tests="2" failures="0" timestamp="20 Oct 2019 07:40:56 GMT" time="22.436" errors="0">
  <testcase name="executeLaunch" time="12.825" classname="mt.mstr.modules.Launch"/>
  <testcase name="executeLoginwithValidds" time="9.577" classname="mt.mstr.modules.Login"/>
  <testcase name="executeLoginwithInvalidds" time="0.0" classname="mt.mstr.modules.Login">
    <ignored/>
  </testcase> <!-- executeLoginwithInvalidds -->
  <testcase name="executeLoginwithInvalidds1" time="0.0" classname="mt.mstr.modules.Login">
    <ignored/>
  </testcase> <!-- executeLoginwithInvalidds1 -->
</testsuite> <!-- Verify that valid user able to login into Mercury Tours application by using valid username and password -->
